have_func: checking for malloc()... -------------------- yes

"gcc -o conftest -I/usr/include -I/usr/include/ruby/backward -I/usr/include -I.    -O2 -g -pipe -Wall -Wp,-D_FORTIFY_SOURCE=2 -fexceptions -fstack-protector-strong --param=ssp-buffer-size=4 -grecord-gcc-switches -mtune=generic -fPIC conftest.c  -L. -L/usr/lib64 -L. -Wl,-z,relro -fstack-protector -rdynamic -Wl,-export-dynamic  -m64   -lruby  -lpthread -lrt -ldl -lcrypt -lm   -lc"
/usr/share/ruby/mkmf.rb:373: warning: Insecure world writable dir /usr/grads/bin in PATH, mode 040777
checked program was:
/* begin */
1: #include "ruby.h"
2: 
3: int main(int argc, char **argv)
4: {
5:   return 0;
6: }
/* end */

"gcc -o conftest -I/usr/include -I/usr/include/ruby/backward -I/usr/include -I.    -O2 -g -pipe -Wall -Wp,-D_FORTIFY_SOURCE=2 -fexceptions -fstack-protector-strong --param=ssp-buffer-size=4 -grecord-gcc-switches -mtune=generic -fPIC conftest.c  -L. -L/usr/lib64 -L. -Wl,-z,relro -fstack-protector -rdynamic -Wl,-export-dynamic  -m64   -lruby  -lpthread -lrt -ldl -lcrypt -lm   -lc"
conftest.c: In function ‘t’:
conftest.c:5:32: warning: variable ‘p’ set but not used [-Wunused-but-set-variable]
 int t(void) { void ((*volatile p)()); p = (void ((*)()))malloc; return 0; }
                                ^
checked program was:
/* begin */
 1: #include "ruby.h"
 2: 
 3: /*top*/
 4: extern int t(void);
 5: int t(void) { void ((*volatile p)()); p = (void ((*)()))malloc; return 0; }
 6: int main(int argc, char **argv)
 7: {
 8:   if (argc > 1000000) {
 9:     printf("%p", &t);
10:   }
11: 
12:   return 0;
13: }
/* end */

--------------------

have_func: checking for free()... -------------------- yes

"gcc -o conftest -I/usr/include -I/usr/include/ruby/backward -I/usr/include -I.    -O2 -g -pipe -Wall -Wp,-D_FORTIFY_SOURCE=2 -fexceptions -fstack-protector-strong --param=ssp-buffer-size=4 -grecord-gcc-switches -mtune=generic -fPIC conftest.c  -L. -L/usr/lib64 -L. -Wl,-z,relro -fstack-protector -rdynamic -Wl,-export-dynamic  -m64   -lruby  -lpthread -lrt -ldl -lcrypt -lm   -lc"
conftest.c: In function ‘t’:
conftest.c:5:32: warning: variable ‘p’ set but not used [-Wunused-but-set-variable]
 int t(void) { void ((*volatile p)()); p = (void ((*)()))free; return 0; }
                                ^
checked program was:
/* begin */
 1: #include "ruby.h"
 2: 
 3: /*top*/
 4: extern int t(void);
 5: int t(void) { void ((*volatile p)()); p = (void ((*)()))free; return 0; }
 6: int main(int argc, char **argv)
 7: {
 8:   if (argc > 1000000) {
 9:     printf("%p", &t);
10:   }
11: 
12:   return 0;
13: }
/* end */

--------------------

