have_library: checking for __db_ndbm_open() in -ldb... -------------------- yes

"gcc -o conftest -I../.. -I../../. -I../.././ext/dbm    -g -O2   conftest.c  -L. -L../.. -L.  -rdynamic -Wl,-export-dynamic     -lruby-static -ldb  -lrt -ldl -lcrypt -lm   -lc"
conftest.c: In function ‘t’:
conftest.c:3:53: error: ‘__db_ndbm_open’ undeclared (first use in this function)
 int t() { void ((*volatile p)()); p = (void ((*)()))__db_ndbm_open; return 0; }
                                                     ^
conftest.c:3:53: note: each undeclared identifier is reported only once for each function it appears in
checked program was:
/* begin */
1: /*top*/
2: int main() { return 0; }
3: int t() { void ((*volatile p)()); p = (void ((*)()))__db_ndbm_open; return 0; }
/* end */

"gcc -o conftest -I../.. -I../../. -I../.././ext/dbm    -g -O2   conftest.c  -L. -L../.. -L.  -rdynamic -Wl,-export-dynamic     -lruby-static -ldb  -lrt -ldl -lcrypt -lm   -lc"
checked program was:
/* begin */
1: /*top*/
2: int main() { return 0; }
3: int t() { __db_ndbm_open(); return 0; }
/* end */

--------------------

have_type: checking for DBM in db.h with -DDB_DBM_HSEARCH ... -------------------- yes

"gcc -I../.. -I../../. -I../.././ext/dbm    -g -O2    -DDB_DBM_HSEARCH  -c conftest.c"
checked program was:
/* begin */
1: #include <db.h>
2: 
3: /*top*/
4: typedef DBM conftest_type;
5: int conftestval[sizeof(conftest_type)?1:-1];
/* end */

--------------------

have_func: checking for __db_ndbm_clearerr()... -------------------- yes

"gcc -o conftest -I../.. -I../../. -I../.././ext/dbm    -g -O2   conftest.c  -L. -L../.. -L.  -rdynamic -Wl,-export-dynamic    -ldb  -lruby-static -ldb  -lrt -ldl -lcrypt -lm   -lc"
conftest.c: In function ‘t’:
conftest.c:3:53: error: ‘__db_ndbm_clearerr’ undeclared (first use in this function)
 int t() { void ((*volatile p)()); p = (void ((*)()))__db_ndbm_clearerr; return 0; }
                                                     ^
conftest.c:3:53: note: each undeclared identifier is reported only once for each function it appears in
checked program was:
/* begin */
1: /*top*/
2: int main() { return 0; }
3: int t() { void ((*volatile p)()); p = (void ((*)()))__db_ndbm_clearerr; return 0; }
/* end */

"gcc -o conftest -I../.. -I../../. -I../.././ext/dbm    -g -O2   conftest.c  -L. -L../.. -L.  -rdynamic -Wl,-export-dynamic    -ldb  -lruby-static -ldb  -lrt -ldl -lcrypt -lm   -lc"
checked program was:
/* begin */
1: /*top*/
2: int main() { return 0; }
3: int t() { __db_ndbm_clearerr(); return 0; }
/* end */

--------------------

have_header: checking for cdefs.h... -------------------- no

"gcc -E -I../.. -I../../. -I../.././ext/dbm    -g -O2    conftest.c -o conftest.i"
conftest.c:1:19: fatal error: cdefs.h: No such file or directory
 #include <cdefs.h>
                   ^
compilation terminated.
checked program was:
/* begin */
1: #include <cdefs.h>
/* end */

--------------------

have_header: checking for sys/cdefs.h... -------------------- yes

"gcc -E -I../.. -I../../. -I../.././ext/dbm    -g -O2    conftest.c -o conftest.i"
checked program was:
/* begin */
1: #include <sys/cdefs.h>
/* end */

--------------------

