have_library: checking for getpwnam() in -lsun... -------------------- no

"gcc -o conftest -I../.. -I../../. -I../.././ext/etc    -g -O2   conftest.c  -L. -L../.. -L.  -rdynamic -Wl,-export-dynamic     -lruby-static -lsun  -lrt -ldl -lcrypt -lm   -lc"
conftest.c: In function ‘t’:
conftest.c:3:53: error: ‘getpwnam’ undeclared (first use in this function)
 int t() { void ((*volatile p)()); p = (void ((*)()))getpwnam; return 0; }
                                                     ^
conftest.c:3:53: note: each undeclared identifier is reported only once for each function it appears in
checked program was:
/* begin */
1: /*top*/
2: int main() { return 0; }
3: int t() { void ((*volatile p)()); p = (void ((*)()))getpwnam; return 0; }
/* end */

"gcc -o conftest -I../.. -I../../. -I../.././ext/etc    -g -O2   conftest.c  -L. -L../.. -L.  -rdynamic -Wl,-export-dynamic     -lruby-static -lsun  -lrt -ldl -lcrypt -lm   -lc"
/bin/ld: cannot find -lsun
collect2: error: ld returned 1 exit status
checked program was:
/* begin */
1: /*top*/
2: int main() { return 0; }
3: int t() { getpwnam(); return 0; }
/* end */

--------------------

have_func: checking for getlogin()... -------------------- yes

"gcc -o conftest -I../.. -I../../. -I../.././ext/etc    -g -O2   conftest.c  -L. -L../.. -L.  -rdynamic -Wl,-export-dynamic     -lruby-static  -lrt -ldl -lcrypt -lm   -lc"
conftest.c: In function ‘t’:
conftest.c:3:53: error: ‘getlogin’ undeclared (first use in this function)
 int t() { void ((*volatile p)()); p = (void ((*)()))getlogin; return 0; }
                                                     ^
conftest.c:3:53: note: each undeclared identifier is reported only once for each function it appears in
checked program was:
/* begin */
1: /*top*/
2: int main() { return 0; }
3: int t() { void ((*volatile p)()); p = (void ((*)()))getlogin; return 0; }
/* end */

"gcc -o conftest -I../.. -I../../. -I../.././ext/etc    -g -O2   conftest.c  -L. -L../.. -L.  -rdynamic -Wl,-export-dynamic     -lruby-static  -lrt -ldl -lcrypt -lm   -lc"
checked program was:
/* begin */
1: /*top*/
2: int main() { return 0; }
3: int t() { getlogin(); return 0; }
/* end */

--------------------

have_func: checking for getpwent()... -------------------- yes

"gcc -o conftest -I../.. -I../../. -I../.././ext/etc    -g -O2   conftest.c  -L. -L../.. -L.  -rdynamic -Wl,-export-dynamic     -lruby-static  -lrt -ldl -lcrypt -lm   -lc"
conftest.c: In function ‘t’:
conftest.c:3:53: error: ‘getpwent’ undeclared (first use in this function)
 int t() { void ((*volatile p)()); p = (void ((*)()))getpwent; return 0; }
                                                     ^
conftest.c:3:53: note: each undeclared identifier is reported only once for each function it appears in
checked program was:
/* begin */
1: /*top*/
2: int main() { return 0; }
3: int t() { void ((*volatile p)()); p = (void ((*)()))getpwent; return 0; }
/* end */

"gcc -o conftest -I../.. -I../../. -I../.././ext/etc    -g -O2   conftest.c  -L. -L../.. -L.  -rdynamic -Wl,-export-dynamic     -lruby-static  -lrt -ldl -lcrypt -lm   -lc"
checked program was:
/* begin */
1: /*top*/
2: int main() { return 0; }
3: int t() { getpwent(); return 0; }
/* end */

--------------------

have_func: checking for getgrent()... -------------------- yes

"gcc -o conftest -I../.. -I../../. -I../.././ext/etc    -g -O2   conftest.c  -L. -L../.. -L.  -rdynamic -Wl,-export-dynamic     -lruby-static  -lrt -ldl -lcrypt -lm   -lc"
conftest.c: In function ‘t’:
conftest.c:3:53: error: ‘getgrent’ undeclared (first use in this function)
 int t() { void ((*volatile p)()); p = (void ((*)()))getgrent; return 0; }
                                                     ^
conftest.c:3:53: note: each undeclared identifier is reported only once for each function it appears in
checked program was:
/* begin */
1: /*top*/
2: int main() { return 0; }
3: int t() { void ((*volatile p)()); p = (void ((*)()))getgrent; return 0; }
/* end */

"gcc -o conftest -I../.. -I../../. -I../.././ext/etc    -g -O2   conftest.c  -L. -L../.. -L.  -rdynamic -Wl,-export-dynamic     -lruby-static  -lrt -ldl -lcrypt -lm   -lc"
checked program was:
/* begin */
1: /*top*/
2: int main() { return 0; }
3: int t() { getgrent(); return 0; }
/* end */

--------------------

have_struct_member: checking for struct passwd.pw_gecos in pwd.h... -------------------- yes

"gcc -I../.. -I../../. -I../.././ext/etc    -g -O2     -c conftest.c"
checked program was:
/* begin */
1: #include <pwd.h>
2: 
3: /*top*/
4: int main() { return 0; }
5: int s = (char *)&((struct passwd*)0)->pw_gecos - (char *)0;
/* end */

--------------------

have_struct_member: checking for struct passwd.pw_change in pwd.h... -------------------- no

"gcc -I../.. -I../../. -I../.././ext/etc    -g -O2     -c conftest.c"
conftest.c:5:37: error: ‘struct passwd’ has no member named ‘pw_change’
 int s = (char *)&((struct passwd*)0)->pw_change - (char *)0;
                                     ^
checked program was:
/* begin */
1: #include <pwd.h>
2: 
3: /*top*/
4: int main() { return 0; }
5: int s = (char *)&((struct passwd*)0)->pw_change - (char *)0;
/* end */

--------------------

have_struct_member: checking for struct passwd.pw_quota in pwd.h... -------------------- no

"gcc -I../.. -I../../. -I../.././ext/etc    -g -O2     -c conftest.c"
conftest.c:5:37: error: ‘struct passwd’ has no member named ‘pw_quota’
 int s = (char *)&((struct passwd*)0)->pw_quota - (char *)0;
                                     ^
checked program was:
/* begin */
1: #include <pwd.h>
2: 
3: /*top*/
4: int main() { return 0; }
5: int s = (char *)&((struct passwd*)0)->pw_quota - (char *)0;
/* end */

--------------------

have_struct_member: checking for struct passwd.pw_age in pwd.h... -------------------- no

"gcc -I../.. -I../../. -I../.././ext/etc    -g -O2     -c conftest.c"
conftest.c:5:37: error: ‘struct passwd’ has no member named ‘pw_age’
 int s = (char *)&((struct passwd*)0)->pw_age - (char *)0;
                                     ^
checked program was:
/* begin */
1: #include <pwd.h>
2: 
3: /*top*/
4: int main() { return 0; }
5: int s = (char *)&((struct passwd*)0)->pw_age - (char *)0;
/* end */

--------------------

have_struct_member: checking for struct passwd.pw_class in pwd.h... -------------------- no

"gcc -I../.. -I../../. -I../.././ext/etc    -g -O2     -c conftest.c"
conftest.c:5:37: error: ‘struct passwd’ has no member named ‘pw_class’
 int s = (char *)&((struct passwd*)0)->pw_class - (char *)0;
                                     ^
checked program was:
/* begin */
1: #include <pwd.h>
2: 
3: /*top*/
4: int main() { return 0; }
5: int s = (char *)&((struct passwd*)0)->pw_class - (char *)0;
/* end */

--------------------

have_struct_member: checking for struct passwd.pw_comment in pwd.h... -------------------- no

"gcc -I../.. -I../../. -I../.././ext/etc    -g -O2     -c conftest.c"
conftest.c:5:37: error: ‘struct passwd’ has no member named ‘pw_comment’
 int s = (char *)&((struct passwd*)0)->pw_comment - (char *)0;
                                     ^
checked program was:
/* begin */
1: #include <pwd.h>
2: 
3: /*top*/
4: int main() { return 0; }
5: int s = (char *)&((struct passwd*)0)->pw_comment - (char *)0;
/* end */

--------------------

have_struct_member: checking for struct passwd.pw_expire in pwd.h... -------------------- no

"gcc -I../.. -I../../. -I../.././ext/etc    -g -O2     -c conftest.c"
conftest.c:5:37: error: ‘struct passwd’ has no member named ‘pw_expire’
 int s = (char *)&((struct passwd*)0)->pw_expire - (char *)0;
                                     ^
checked program was:
/* begin */
1: #include <pwd.h>
2: 
3: /*top*/
4: int main() { return 0; }
5: int s = (char *)&((struct passwd*)0)->pw_expire - (char *)0;
/* end */

--------------------

have_struct_member: checking for struct passwd.pw_passwd in pwd.h... -------------------- yes

"gcc -I../.. -I../../. -I../.././ext/etc    -g -O2     -c conftest.c"
checked program was:
/* begin */
1: #include <pwd.h>
2: 
3: /*top*/
4: int main() { return 0; }
5: int s = (char *)&((struct passwd*)0)->pw_passwd - (char *)0;
/* end */

--------------------

have_struct_member: checking for struct group.gr_passwd in grp.h... -------------------- yes

"gcc -I../.. -I../../. -I../.././ext/etc    -g -O2     -c conftest.c"
checked program was:
/* begin */
1: #include <grp.h>
2: 
3: /*top*/
4: int main() { return 0; }
5: int s = (char *)&((struct group*)0)->gr_passwd - (char *)0;
/* end */

--------------------

have_type: checking for uid_t in sys/types.h,pwd.h... -------------------- yes

"gcc -I../.. -I../../. -I../.././ext/etc    -g -O2     -c conftest.c"
checked program was:
/* begin */
1: #include <sys/types.h>
2: #include <pwd.h>
3: 
4: /*top*/
5: typedef uid_t conftest_type;
6: int conftestval[sizeof(conftest_type)?1:-1];
/* end */

--------------------

"gcc -I../.. -I../../. -I../.././ext/etc    -g -O2     -c conftest.c"
conftest.c:5:5: error: size of array ‘conftest_const’ is negative
 int conftest_const[(sizeof(uid_t) > sizeof(long)) ? 1 : -1];
     ^
checked program was:
/* begin */
1: #include <sys/types.h>
2: #include <pwd.h>
3: 
4: /*top*/
5: int conftest_const[(sizeof(uid_t) > sizeof(long)) ? 1 : -1];
/* end */

"gcc -I../.. -I../../. -I../.././ext/etc    -g -O2     -c conftest.c"
checked program was:
/* begin */
1: #include <sys/types.h>
2: #include <pwd.h>
3: 
4: /*top*/
5: int conftest_const[((uid_t)-1 > 0) ? 1 : -1];
/* end */

have_type: checking for gid_t in sys/types.h,grp.h... -------------------- yes

"gcc -I../.. -I../../. -I../.././ext/etc    -g -O2     -c conftest.c"
checked program was:
/* begin */
1: #include <sys/types.h>
2: #include <grp.h>
3: 
4: /*top*/
5: typedef gid_t conftest_type;
6: int conftestval[sizeof(conftest_type)?1:-1];
/* end */

--------------------

"gcc -I../.. -I../../. -I../.././ext/etc    -g -O2     -c conftest.c"
conftest.c:5:5: error: size of array ‘conftest_const’ is negative
 int conftest_const[(sizeof(gid_t) > sizeof(long)) ? 1 : -1];
     ^
checked program was:
/* begin */
1: #include <sys/types.h>
2: #include <grp.h>
3: 
4: /*top*/
5: int conftest_const[(sizeof(gid_t) > sizeof(long)) ? 1 : -1];
/* end */

"gcc -I../.. -I../../. -I../.././ext/etc    -g -O2     -c conftest.c"
checked program was:
/* begin */
1: #include <sys/types.h>
2: #include <grp.h>
3: 
4: /*top*/
5: int conftest_const[((gid_t)-1 > 0) ? 1 : -1];
/* end */

